#
# There is insufficient memory for the Java Runtime Environment to continue.
# Native memory allocation (malloc) failed to allocate 1715840 bytes for Chunk::new
# Possible reasons:
#   The system is out of physical RAM or swap space
#   The process is running with CompressedOops enabled, and the Java Heap may be blocking the growth of the native heap
# Possible solutions:
#   Reduce memory load on the system
#   Increase physical memory or swap space
#   Check if swap backing store is full
#   Decrease Java heap size (-Xmx/-Xms)
#   Decrease number of Java threads
#   Decrease Java thread stack sizes (-Xss)
#   Set larger code cache with -XX:ReservedCodeCacheSize=
#   JVM is running with Unscaled Compressed Oops mode in which the Java heap is
#     placed in the first 4GB address space. The Java Heap base address is the
#     maximum limit for the native heap growth. Please use -XX:HeapBaseMinAddress
#     to set the Java Heap base and to place the Java Heap above 4GB virtual address.
# This output file may be truncated or incomplete.
#
#  Out of Memory Error (arena.cpp:168), pid=5156, tid=8820
#
# JRE version: Java(TM) SE Runtime Environment (21.0.2+13) (build 21.0.2+13-LTS-58)
# Java VM: Java HotSpot(TM) 64-Bit Server VM (21.0.2+13-LTS-58, mixed mode, sharing, tiered, compressed oops, compressed class ptrs, g1 gc, windows-amd64)
# No core dump will be written. Minidumps are not enabled by default on client versions of Windows
#

---------------  S U M M A R Y ------------

Command Line: -Dfile.encoding=UTF-8 -Dstdout.encoding=UTF-8 -Dstderr.encoding=UTF-8 -XX:+ShowCodeDetailsInExceptionMessages com.tka.sams.api.SamsTrackApplication

Host: Intel(R) Core(TM) i5-8250U CPU @ 1.60GHz, 8 cores, 7G,  Windows 11 , 64 bit Build 22621 (10.0.22621.4391)
Time: Thu Nov 14 11:10:15 2024 India Standard Time elapsed time: 10.355984 seconds (0d 0h 0m 10s)

---------------  T H R E A D  ---------------

Current thread (0x000001d61d1644f0):  JavaThread "C2 CompilerThread0" daemon [_thread_in_native, id=8820, stack(0x000000c439100000,0x000000c439200000) (1024K)]


Current CompileTask:
C2:  10356 4899       4       org.springframework.core.annotation.TypeMappedAnnotations::get (52 bytes)

Stack: [0x000000c439100000,0x000000c439200000]
Native frames: (J=compiled Java code, j=interpreted, Vv=VM code, C=native code)
V  [jvm.dll+0x6cade9]
V  [jvm.dll+0x8569c1]
V  [jvm.dll+0x858d2e]
V  [jvm.dll+0x859413]
V  [jvm.dll+0x280e56]
V  [jvm.dll+0xc3f3d]
V  [jvm.dll+0xc4473]
V  [jvm.dll+0x3b5c2c]
V  [jvm.dll+0x1e2209]
V  [jvm.dll+0x249d22]
V  [jvm.dll+0x2491b1]
V  [jvm.dll+0x1c9634]
V  [jvm.dll+0x258859]
V  [jvm.dll+0x256e3a]
V  [jvm.dll+0x3ef6c6]
V  [jvm.dll+0x7ff568]
V  [jvm.dll+0x6c953d]
C  [ucrtbase.dll+0x29333]
C  [KERNEL32.DLL+0x1259d]
C  [ntdll.dll+0x5af38]


---------------  P R O C E S S  ---------------

Threads class SMR info:
_java_thread_list=0x000001d6661917f0, length=21, elements={
0x000001d600845440, 0x000001d61d151480, 0x000001d61d152b40, 0x000001d61d156320,
0x000001d61d1572e0, 0x000001d61d15a4f0, 0x000001d61d15ebf0, 0x000001d61d1644f0,
0x000001d61d165340, 0x000001d61d3aa280, 0x000001d61d3b6aa0, 0x000001d61d9bafe0,
0x000001d61db47550, 0x000001d663990ea0, 0x000001d66398edd0, 0x000001d66398faf0,
0x000001d66398e740, 0x000001d663991bc0, 0x000001d663990810, 0x000001d6657c9840,
0x000001d665800350
}

Java Threads: ( => current thread )
  0x000001d600845440 JavaThread "main"                              [_thread_blocked, id=5180, stack(0x000000c438300000,0x000000c438400000) (1024K)]
  0x000001d61d151480 JavaThread "Reference Handler"          daemon [_thread_blocked, id=15624, stack(0x000000c438b00000,0x000000c438c00000) (1024K)]
  0x000001d61d152b40 JavaThread "Finalizer"                  daemon [_thread_blocked, id=4608, stack(0x000000c438c00000,0x000000c438d00000) (1024K)]
  0x000001d61d156320 JavaThread "Signal Dispatcher"          daemon [_thread_blocked, id=68, stack(0x000000c438d00000,0x000000c438e00000) (1024K)]
  0x000001d61d1572e0 JavaThread "Attach Listener"            daemon [_thread_blocked, id=1456, stack(0x000000c438e00000,0x000000c438f00000) (1024K)]
  0x000001d61d15a4f0 JavaThread "Service Thread"             daemon [_thread_blocked, id=15528, stack(0x000000c438f00000,0x000000c439000000) (1024K)]
  0x000001d61d15ebf0 JavaThread "Monitor Deflation Thread"   daemon [_thread_blocked, id=15472, stack(0x000000c439000000,0x000000c439100000) (1024K)]
=>0x000001d61d1644f0 JavaThread "C2 CompilerThread0"         daemon [_thread_in_native, id=8820, stack(0x000000c439100000,0x000000c439200000) (1024K)]
  0x000001d61d165340 JavaThread "C1 CompilerThread0"         daemon [_thread_in_vm, id=6076, stack(0x000000c439200000,0x000000c439300000) (1024K)]
  0x000001d61d3aa280 JavaThread "Notification Thread"        daemon [_thread_blocked, id=15512, stack(0x000000c439300000,0x000000c439400000) (1024K)]
  0x000001d61d3b6aa0 JavaThread "Common-Cleaner"             daemon [_thread_blocked, id=14084, stack(0x000000c439400000,0x000000c439500000) (1024K)]
  0x000001d61d9bafe0 JavaThread "Thread-0"                          [_thread_blocked, id=12768, stack(0x000000c439600000,0x000000c439700000) (1024K)]
  0x000001d61db47550 JavaThread "restartedMain"                     [_thread_in_Java, id=6360, stack(0x000000c439700000,0x000000c439800000) (1024K)]
  0x000001d663990ea0 JavaThread "Catalina-utility-1"                [_thread_blocked, id=9832, stack(0x000000c43a100000,0x000000c43a200000) (1024K)]
  0x000001d66398edd0 JavaThread "Catalina-utility-2"                [_thread_blocked, id=8592, stack(0x000000c43a200000,0x000000c43a300000) (1024K)]
  0x000001d66398faf0 JavaThread "container-0"                       [_thread_blocked, id=5012, stack(0x000000c43a300000,0x000000c43a400000) (1024K)]
  0x000001d66398e740 JavaThread "mysql-cj-abandoned-connection-cleanup" daemon [_thread_blocked, id=2996, stack(0x000000c43a400000,0x000000c43a500000) (1024K)]
  0x000001d663991bc0 JavaThread "HikariPool-1 housekeeper"   daemon [_thread_blocked, id=15256, stack(0x000000c43a500000,0x000000c43a600000) (1024K)]
  0x000001d663990810 JavaThread "HikariPool-1 connection adder" daemon [_thread_blocked, id=6788, stack(0x000000c43a600000,0x000000c43a700000) (1024K)]
  0x000001d6657c9840 JavaThread "C2 CompilerThread1"         daemon [_thread_in_native, id=8280, stack(0x000000c439f00000,0x000000c43a000000) (1024K)]
  0x000001d665800350 JavaThread "C2 CompilerThread2"         daemon [_thread_in_native, id=2808, stack(0x000000c43a700000,0x000000c43a800000) (1024K)]
Total: 21

Other Threads:
  0x000001d61d131d40 VMThread "VM Thread"                           [id=11160, stack(0x000000c438a00000,0x000000c438b00000) (1024K)]
  0x000001d61d117f50 WatcherThread "VM Periodic Task Thread"        [id=11500, stack(0x000000c438900000,0x000000c438a00000) (1024K)]
  0x000001d600895390 WorkerThread "GC Thread#0"                     [id=15960, stack(0x000000c438400000,0x000000c438500000) (1024K)]
  0x000001d663111e50 WorkerThread "GC Thread#1"                     [id=9324, stack(0x000000c439800000,0x000000c439900000) (1024K)]
  0x000001d6631121f0 WorkerThread "GC Thread#2"                     [id=13708, stack(0x000000c439900000,0x000000c439a00000) (1024K)]
  0x000001d6630c1b50 WorkerThread "GC Thread#3"                     [id=2136, stack(0x000000c439a00000,0x000000c439b00000) (1024K)]
  0x000001d6630c1ef0 WorkerThread "GC Thread#4"                     [id=4604, stack(0x000000c439b00000,0x000000c439c00000) (1024K)]
  0x000001d6630edc40 WorkerThread "GC Thread#5"                     [id=16168, stack(0x000000c439c00000,0x000000c439d00000) (1024K)]
  0x000001d66314d090 WorkerThread "GC Thread#6"                     [id=13848, stack(0x000000c439d00000,0x000000c439e00000) (1024K)]
  0x000001d66314d840 WorkerThread "GC Thread#7"                     [id=4064, stack(0x000000c439e00000,0x000000c439f00000) (1024K)]
  0x000001d6008a6800 ConcurrentGCThread "G1 Main Marker"            [id=13992, stack(0x000000c438500000,0x000000c438600000) (1024K)]
  0x000001d6008a7300 WorkerThread "G1 Conc#0"                       [id=12952, stack(0x000000c438600000,0x000000c438700000) (1024K)]
  0x000001d663963650 WorkerThread "G1 Conc#1"                       [id=9368, stack(0x000000c43a000000,0x000000c43a100000) (1024K)]
  0x000001d61cfeb120 ConcurrentGCThread "G1 Refine#0"               [id=5172, stack(0x000000c438700000,0x000000c438800000) (1024K)]
  0x000001d61cfebaa0 ConcurrentGCThread "G1 Service"                [id=8096, stack(0x000000c438800000,0x000000c438900000) (1024K)]
Total: 15

Threads with active compile tasks:
C2 CompilerThread0    10400 4899       4       org.springframework.core.annotation.TypeMappedAnnotations::get (52 bytes)
C1 CompilerThread0    10400 5213       3       java.util.concurrent.atomic.AtomicBoolean::get (13 bytes)
C2 CompilerThread1    10400 4897       4       org.springframework.core.annotation.TypeMappedAnnotations::scan (62 bytes)
C2 CompilerThread2    10400 5163   !   4       org.springframework.core.annotation.AnnotationsScanner::processMethodHierarchy (276 bytes)
Total: 4

VM state: not at safepoint (normal execution)

VM Mutex/Monitor currently owned by a thread: None

Heap address: 0x0000000082600000, size: 2010 MB, Compressed Oops mode: 32-bit

CDS archive(s) mapped at: [0x000001d61e000000-0x000001d61ec90000-0x000001d61ec90000), size 13172736, SharedBaseAddress: 0x000001d61e000000, ArchiveRelocationMode: 1.
Compressed class space mapped at: 0x000001d61f000000-0x000001d65f000000, reserved size: 1073741824
Narrow klass base: 0x000001d61e000000, Narrow klass shift: 0, Narrow klass range: 0x100000000

GC Precious Log:
 CardTable entry size: 512
 Card Set container configuration: InlinePtr #cards 5 size 8 Array Of Cards #cards 12 size 40 Howl #buckets 4 coarsen threshold 1843 Howl Bitmap #cards 512 size 80 coarsen threshold 460 Card regions per heap region 1 cards per card region 2048
 CPUs: 8 total, 8 available
 Memory: 8035M
 Large Page Support: Disabled
 NUMA Support: Disabled
 Compressed Oops: Enabled (32-bit)
 Heap Region Size: 1M
 Heap Min Capacity: 8M
 Heap Initial Capacity: 126M
 Heap Max Capacity: 2010M
 Pre-touch: Disabled
 Parallel Workers: 8
 Concurrent Workers: 2
 Concurrent Refinement Workers: 8
 Periodic GC: Disabled

Heap:
 garbage-first heap   total 48128K, used 34431K [0x0000000082600000, 0x0000000100000000)
  region size 1024K, 16 young (16384K), 2 survivors (2048K)
 Metaspace       used 51291K, committed 51776K, reserved 1114112K
  class space    used 6698K, committed 6912K, reserved 1048576K

Heap Regions: E=young(eden), S=young(survivor), O=old, HS=humongous(starts), HC=humongous(continues), CS=collection set, F=free, TAMS=top-at-mark-start, PB=parsable bottom
|   0|0x0000000082600000, 0x0000000082700000, 0x0000000082700000|100%|HS|  |TAMS 0x0000000082600000| PB 0x0000000082600000| Complete 
|   1|0x0000000082700000, 0x0000000082800000, 0x0000000082800000|100%| O|  |TAMS 0x0000000082700000| PB 0x0000000082700000| Untracked 
|   2|0x0000000082800000, 0x0000000082900000, 0x0000000082900000|100%| O|  |TAMS 0x0000000082800000| PB 0x0000000082800000| Untracked 
|   3|0x0000000082900000, 0x0000000082a00000, 0x0000000082a00000|100%| O|  |TAMS 0x0000000082900000| PB 0x0000000082900000| Untracked 
|   4|0x0000000082a00000, 0x0000000082b00000, 0x0000000082b00000|100%| O|  |TAMS 0x0000000082a00000| PB 0x0000000082a00000| Untracked 
|   5|0x0000000082b00000, 0x0000000082c00000, 0x0000000082c00000|100%| O|  |TAMS 0x0000000082b00000| PB 0x0000000082b00000| Untracked 
|   6|0x0000000082c00000, 0x0000000082d00000, 0x0000000082d00000|100%| O|  |TAMS 0x0000000082c00000| PB 0x0000000082c00000| Untracked 
|   7|0x0000000082d00000, 0x0000000082e00000, 0x0000000082e00000|100%| O|  |TAMS 0x0000000082d00000| PB 0x0000000082d00000| Untracked 
|   8|0x0000000082e00000, 0x0000000082f00000, 0x0000000082f00000|100%| O|  |TAMS 0x0000000082e00000| PB 0x0000000082e00000| Untracked 
|   9|0x0000000082f00000, 0x0000000083000000, 0x0000000083000000|100%| O|  |TAMS 0x0000000082f00000| PB 0x0000000082f00000| Untracked 
|  10|0x0000000083000000, 0x0000000083100000, 0x0000000083100000|100%| O|  |TAMS 0x0000000083000000| PB 0x0000000083000000| Untracked 
|  11|0x0000000083100000, 0x0000000083200000, 0x0000000083200000|100%| O|  |TAMS 0x0000000083100000| PB 0x0000000083100000| Untracked 
|  12|0x0000000083200000, 0x0000000083300000, 0x0000000083300000|100%| O|  |TAMS 0x0000000083200000| PB 0x0000000083200000| Untracked 
|  13|0x0000000083300000, 0x0000000083400000, 0x0000000083400000|100%| O|  |TAMS 0x0000000083300000| PB 0x0000000083300000| Untracked 
|  14|0x0000000083400000, 0x0000000083400000, 0x0000000083500000|  0%| F|  |TAMS 0x0000000083400000| PB 0x0000000083400000| Untracked 
|  15|0x0000000083500000, 0x0000000083600000, 0x0000000083600000|100%| O|  |TAMS 0x0000000083500000| PB 0x0000000083500000| Untracked 
|  16|0x0000000083600000, 0x0000000083700000, 0x0000000083700000|100%| O|  |TAMS 0x0000000083600000| PB 0x0000000083600000| Untracked 
|  17|0x0000000083700000, 0x0000000083800000, 0x0000000083800000|100%| O|  |TAMS 0x0000000083700000| PB 0x0000000083700000| Untracked 
|  18|0x0000000083800000, 0x0000000083900000, 0x0000000083900000|100%| O|  |TAMS 0x0000000083800000| PB 0x0000000083800000| Untracked 
|  19|0x0000000083900000, 0x0000000083a00000, 0x0000000083a00000|100%| O|  |TAMS 0x0000000083900000| PB 0x0000000083900000| Untracked 
|  20|0x0000000083a00000, 0x0000000083a00000, 0x0000000083b00000|  0%| F|  |TAMS 0x0000000083a00000| PB 0x0000000083a00000| Untracked 
|  21|0x0000000083b00000, 0x0000000083b00000, 0x0000000083c00000|  0%| F|  |TAMS 0x0000000083b00000| PB 0x0000000083b00000| Untracked 
|  22|0x0000000083c00000, 0x0000000083c00000, 0x0000000083d00000|  0%| F|  |TAMS 0x0000000083c00000| PB 0x0000000083c00000| Untracked 
|  23|0x0000000083d00000, 0x0000000083d6fcc0, 0x0000000083e00000| 43%| O|  |TAMS 0x0000000083d00000| PB 0x0000000083d00000| Untracked 
|  24|0x0000000083e00000, 0x0000000083e00000, 0x0000000083f00000|  0%| F|  |TAMS 0x0000000083e00000| PB 0x0000000083e00000| Untracked 
|  25|0x0000000083f00000, 0x0000000083f00000, 0x0000000084000000|  0%| F|  |TAMS 0x0000000083f00000| PB 0x0000000083f00000| Untracked 
|  26|0x0000000084000000, 0x0000000084030110, 0x0000000084100000| 18%| S|CS|TAMS 0x0000000084000000| PB 0x0000000084000000| Complete 
|  27|0x0000000084100000, 0x0000000084200000, 0x0000000084200000|100%| S|CS|TAMS 0x0000000084100000| PB 0x0000000084100000| Complete 
|  28|0x0000000084200000, 0x0000000084200000, 0x0000000084300000|  0%| F|  |TAMS 0x0000000084200000| PB 0x0000000084200000| Untracked 
|  29|0x0000000084300000, 0x0000000084300000, 0x0000000084400000|  0%| F|  |TAMS 0x0000000084300000| PB 0x0000000084300000| Untracked 
|  30|0x0000000084400000, 0x0000000084400000, 0x0000000084500000|  0%| F|  |TAMS 0x0000000084400000| PB 0x0000000084400000| Untracked 
|  31|0x0000000084500000, 0x0000000084500000, 0x0000000084600000|  0%| F|  |TAMS 0x0000000084500000| PB 0x0000000084500000| Untracked 
|  32|0x0000000084600000, 0x0000000084600000, 0x0000000084700000|  0%| F|  |TAMS 0x0000000084600000| PB 0x0000000084600000| Untracked 
|  33|0x0000000084700000, 0x00000000847b9198, 0x0000000084800000| 72%| E|  |TAMS 0x0000000084700000| PB 0x0000000084700000| Complete 
|  34|0x0000000084800000, 0x0000000084900000, 0x0000000084900000|100%| E|CS|TAMS 0x0000000084800000| PB 0x0000000084800000| Complete 
|  35|0x0000000084900000, 0x0000000084a00000, 0x0000000084a00000|100%| E|CS|TAMS 0x0000000084900000| PB 0x0000000084900000| Complete 
|  36|0x0000000084a00000, 0x0000000084b00000, 0x0000000084b00000|100%| E|CS|TAMS 0x0000000084a00000| PB 0x0000000084a00000| Complete 
|  37|0x0000000084b00000, 0x0000000084c00000, 0x0000000084c00000|100%| E|CS|TAMS 0x0000000084b00000| PB 0x0000000084b00000| Complete 
|  38|0x0000000084c00000, 0x0000000084d00000, 0x0000000084d00000|100%| E|CS|TAMS 0x0000000084c00000| PB 0x0000000084c00000| Complete 
|  39|0x0000000084d00000, 0x0000000084e00000, 0x0000000084e00000|100%| E|CS|TAMS 0x0000000084d00000| PB 0x0000000084d00000| Complete 
|  72|0x0000000086e00000, 0x0000000086f00000, 0x0000000086f00000|100%| E|CS|TAMS 0x0000000086e00000| PB 0x0000000086e00000| Complete 
|  73|0x0000000086f00000, 0x0000000087000000, 0x0000000087000000|100%| E|CS|TAMS 0x0000000086f00000| PB 0x0000000086f00000| Complete 
|  74|0x0000000087000000, 0x0000000087100000, 0x0000000087100000|100%| E|CS|TAMS 0x0000000087000000| PB 0x0000000087000000| Complete 
|  75|0x0000000087100000, 0x0000000087200000, 0x0000000087200000|100%| E|CS|TAMS 0x0000000087100000| PB 0x0000000087100000| Complete 
|  76|0x0000000087200000, 0x0000000087300000, 0x0000000087300000|100%| E|CS|TAMS 0x0000000087200000| PB 0x0000000087200000| Complete 
|  77|0x0000000087300000, 0x0000000087400000, 0x0000000087400000|100%| E|CS|TAMS 0x0000000087300000| PB 0x0000000087300000| Complete 
| 125|0x000000008a300000, 0x000000008a400000, 0x000000008a400000|100%| E|CS|TAMS 0x000000008a300000| PB 0x000000008a300000| Complete 

Card table byte_map: [0x000001d6183c0000,0x000001d6187b0000] _byte_map_base: 0x000001d617fad000

Marking Bits: (CMBitMap*) 0x000001d600895a90
 Bits: [0x000001d6187b0000, 0x000001d61a718000)

Polling page: 0x000001d600000000

Metaspace:

Usage:
  Non-class:     43.55 MB used.
      Class:      6.54 MB used.
       Both:     50.09 MB used.

Virtual space:
  Non-class space:       64.00 MB reserved,      43.81 MB ( 68%) committed,  1 nodes.
      Class space:        1.00 GB reserved,       6.75 MB ( <1%) committed,  1 nodes.
             Both:        1.06 GB reserved,      50.56 MB (  5%) committed. 

Chunk freelists:
   Non-Class:  3.61 MB
       Class:  9.29 MB
        Both:  12.90 MB

MaxMetaspaceSize: unlimited
CompressedClassSpaceSize: 1.00 GB
Initial GC threshold: 21.00 MB
Current GC threshold: 59.00 MB
CDS: on
 - commit_granule_bytes: 65536.
 - commit_granule_words: 8192.
 - virtual_space_node_default_size: 8388608.
 - enlarge_chunks_in_place: 1.
 - use_allocation_guard: 0.


Internal statistics:

num_allocs_failed_limit: 6.
num_arena_births: 462.
num_arena_deaths: 0.
num_vsnodes_births: 2.
num_vsnodes_deaths: 0.
num_space_committed: 809.
num_space_uncommitted: 0.
num_chunks_returned_to_freelist: 6.
num_chunks_taken_from_freelist: 2144.
num_chunk_merges: 3.
num_chunk_splits: 1539.
num_chunks_enlarged: 1270.
num_inconsistent_stats: 0.

CodeHeap 'non-profiled nmethods': size=120000Kb used=2788Kb max_used=2788Kb free=117211Kb
 bounds [0x000001d610770000, 0x000001d610a30000, 0x000001d617ca0000]
CodeHeap 'profiled nmethods': size=120000Kb used=9728Kb max_used=9728Kb free=110271Kb
 bounds [0x000001d608ca0000, 0x000001d609630000, 0x000001d6101d0000]
CodeHeap 'non-nmethods': size=5760Kb used=1626Kb max_used=1717Kb free=4133Kb
 bounds [0x000001d6101d0000, 0x000001d610440000, 0x000001d610770000]
 total_blobs=5405 nmethods=4739 adapters=570
 compilation: enabled
              stopped_count=0, restarted_count=0
 full_count=0

Compilation events (20 events):
Event: 10.301 Thread 0x000001d61d165340 5172   !   3       java.lang.reflect.Executable::parameterData (75 bytes)
Event: 10.301 Thread 0x000001d61d165340 nmethod 5172 0x000001d609607690 code [0x000001d6096078c0, 0x000001d609608060]
Event: 10.301 Thread 0x000001d61d165340 5171       3       org.springframework.context.support.GenericApplicationContext::getClassLoader (29 bytes)
Event: 10.302 Thread 0x000001d61d165340 nmethod 5171 0x000001d609608310 code [0x000001d6096084e0, 0x000001d609608838]
Event: 10.304 Thread 0x000001d61d165340 5173       1       org.springframework.core.MethodParameter::getAnnotatedElement (5 bytes)
Event: 10.304 Thread 0x000001d61d165340 nmethod 5173 0x000001d610a27610 code [0x000001d610a277a0, 0x000001d610a27868]
Event: 10.309 Thread 0x000001d61d165340 5174       3       org.springframework.beans.factory.InjectionPoint::getAnnotations (39 bytes)
Event: 10.310 Thread 0x000001d61d165340 nmethod 5174 0x000001d609608910 code [0x000001d609608b60, 0x000001d6096094d0]
Event: 10.310 Thread 0x000001d61d165340 5175       3       java.util.LinkedHashMap$LinkedEntrySet::iterator (16 bytes)
Event: 10.310 Thread 0x000001d61d165340 nmethod 5175 0x000001d609609790 code [0x000001d609609940, 0x000001d609609b58]
Event: 10.310 Thread 0x000001d61d165340 5176       3       java.util.LinkedHashMap$LinkedEntryIterator::<init> (7 bytes)
Event: 10.311 Thread 0x000001d61d165340 nmethod 5176 0x000001d609609c90 code [0x000001d609609e40, 0x000001d609609f78]
Event: 10.311 Thread 0x000001d61d165340 5177       1       org.springframework.beans.factory.support.AbstractAutowireCapableBeanFactory::getInstantiationStrategy (5 bytes)
Event: 10.311 Thread 0x000001d61d165340 nmethod 5177 0x000001d610a27910 code [0x000001d610a27aa0, 0x000001d610a27b70]
Event: 10.328 Thread 0x000001d61d165340 5178       3       org.springframework.beans.TypeConverterDelegate::<init> (15 bytes)
Event: 10.328 Thread 0x000001d61d165340 nmethod 5178 0x000001d60960a010 code [0x000001d60960a1c0, 0x000001d60960a3e0]
Event: 10.335 Thread 0x000001d61d165340 5180       3       sun.reflect.generics.parser.SignatureParser::parseZeroOrMoreFormalTypeParameters (19 bytes)
Event: 10.336 Thread 0x000001d61d165340 nmethod 5180 0x000001d60960a490 code [0x000001d60960a660, 0x000001d60960a8d8]
Event: 10.351 Thread 0x000001d61d165340 5182       3       java.lang.invoke.MethodHandle::bindArgumentL (10 bytes)
Event: 10.352 Thread 0x000001d61d165340 nmethod 5182 0x000001d60960a990 code [0x000001d60960aba0, 0x000001d60960b228]

GC Heap History (16 events):
Event: 1.514 GC heap before
{Heap before GC invocations=0 (full 0):
 garbage-first heap   total 129024K, used 23552K [0x0000000082600000, 0x0000000100000000)
  region size 1024K, 23 young (23552K), 0 survivors (0K)
 Metaspace       used 6217K, committed 6400K, reserved 1114112K
  class space    used 697K, committed 768K, reserved 1048576K
}
Event: 1.522 GC heap after
{Heap after GC invocations=1 (full 0):
 garbage-first heap   total 129024K, used 6655K [0x0000000082600000, 0x0000000100000000)
  region size 1024K, 3 young (3072K), 3 survivors (3072K)
 Metaspace       used 6217K, committed 6400K, reserved 1114112K
  class space    used 697K, committed 768K, reserved 1048576K
}
Event: 2.389 GC heap before
{Heap before GC invocations=1 (full 0):
 garbage-first heap   total 129024K, used 35327K [0x0000000082600000, 0x0000000100000000)
  region size 1024K, 32 young (32768K), 3 survivors (3072K)
 Metaspace       used 14070K, committed 14336K, reserved 1114112K
  class space    used 1711K, committed 1856K, reserved 1048576K
}
Event: 2.396 GC heap after
{Heap after GC invocations=2 (full 0):
 garbage-first heap   total 129024K, used 8715K [0x0000000082600000, 0x0000000100000000)
  region size 1024K, 2 young (2048K), 2 survivors (2048K)
 Metaspace       used 14070K, committed 14336K, reserved 1114112K
  class space    used 1711K, committed 1856K, reserved 1048576K
}
Event: 4.623 GC heap before
{Heap before GC invocations=2 (full 0):
 garbage-first heap   total 129024K, used 54795K [0x0000000082600000, 0x0000000100000000)
  region size 1024K, 48 young (49152K), 2 survivors (2048K)
 Metaspace       used 21224K, committed 21504K, reserved 1114112K
  class space    used 2605K, committed 2752K, reserved 1048576K
}
Event: 4.631 GC heap after
{Heap after GC invocations=3 (full 0):
 garbage-first heap   total 129024K, used 12142K [0x0000000082600000, 0x0000000100000000)
  region size 1024K, 6 young (6144K), 6 survivors (6144K)
 Metaspace       used 21224K, committed 21504K, reserved 1114112K
  class space    used 2605K, committed 2752K, reserved 1048576K
}
Event: 5.826 GC heap before
{Heap before GC invocations=4 (full 0):
 garbage-first heap   total 48128K, used 34670K [0x0000000082600000, 0x0000000100000000)
  region size 1024K, 28 young (28672K), 6 survivors (6144K)
 Metaspace       used 25922K, committed 26240K, reserved 1114112K
  class space    used 3197K, committed 3328K, reserved 1048576K
}
Event: 5.838 GC heap after
{Heap after GC invocations=5 (full 0):
 garbage-first heap   total 48128K, used 14800K [0x0000000082600000, 0x0000000100000000)
  region size 1024K, 3 young (3072K), 3 survivors (3072K)
 Metaspace       used 25922K, committed 26240K, reserved 1114112K
  class space    used 3197K, committed 3328K, reserved 1048576K
}
Event: 6.845 GC heap before
{Heap before GC invocations=5 (full 0):
 garbage-first heap   total 48128K, used 35280K [0x0000000082600000, 0x0000000100000000)
  region size 1024K, 24 young (24576K), 3 survivors (3072K)
 Metaspace       used 31305K, committed 31616K, reserved 1114112K
  class space    used 4054K, committed 4160K, reserved 1048576K
}
Event: 6.851 GC heap after
{Heap after GC invocations=6 (full 0):
 garbage-first heap   total 48128K, used 16150K [0x0000000082600000, 0x0000000100000000)
  region size 1024K, 2 young (2048K), 2 survivors (2048K)
 Metaspace       used 31305K, committed 31616K, reserved 1114112K
  class space    used 4054K, committed 4160K, reserved 1048576K
}
Event: 7.288 GC heap before
{Heap before GC invocations=6 (full 0):
 garbage-first heap   total 48128K, used 25366K [0x0000000082600000, 0x0000000100000000)
  region size 1024K, 12 young (12288K), 2 survivors (2048K)
 Metaspace       used 35627K, committed 35968K, reserved 1114112K
  class space    used 4568K, committed 4736K, reserved 1048576K
}
Event: 7.295 GC heap after
{Heap after GC invocations=7 (full 0):
 garbage-first heap   total 48128K, used 17921K [0x0000000082600000, 0x0000000100000000)
  region size 1024K, 3 young (3072K), 3 survivors (3072K)
 Metaspace       used 35627K, committed 35968K, reserved 1114112K
  class space    used 4568K, committed 4736K, reserved 1048576K
}
Event: 8.798 GC heap before
{Heap before GC invocations=8 (full 0):
 garbage-first heap   total 48128K, used 39425K [0x0000000082600000, 0x0000000100000000)
  region size 1024K, 24 young (24576K), 3 survivors (3072K)
 Metaspace       used 44062K, committed 44480K, reserved 1114112K
  class space    used 5609K, committed 5824K, reserved 1048576K
}
Event: 8.804 GC heap after
{Heap after GC invocations=9 (full 0):
 garbage-first heap   total 48128K, used 20119K [0x0000000082600000, 0x0000000100000000)
  region size 1024K, 3 young (3072K), 3 survivors (3072K)
 Metaspace       used 44062K, committed 44480K, reserved 1114112K
  class space    used 5609K, committed 5824K, reserved 1048576K
}
Event: 9.866 GC heap before
{Heap before GC invocations=9 (full 0):
 garbage-first heap   total 48128K, used 39575K [0x0000000082600000, 0x0000000100000000)
  region size 1024K, 22 young (22528K), 3 survivors (3072K)
 Metaspace       used 49253K, committed 49664K, reserved 1114112K
  class space    used 6424K, committed 6592K, reserved 1048576K
}
Event: 9.872 GC heap after
{Heap after GC invocations=10 (full 0):
 garbage-first heap   total 48128K, used 21119K [0x0000000082600000, 0x0000000100000000)
  region size 1024K, 2 young (2048K), 2 survivors (2048K)
 Metaspace       used 49253K, committed 49664K, reserved 1114112K
  class space    used 6424K, committed 6592K, reserved 1048576K
}

Dll operation events (11 events):
Event: 0.013 Loaded shared library C:\Program Files\Java\jdk-21\bin\java.dll
Event: 0.073 Loaded shared library C:\Program Files\Java\jdk-21\bin\jsvml.dll
Event: 0.173 Loaded shared library C:\Program Files\Java\jdk-21\bin\net.dll
Event: 0.177 Loaded shared library C:\Program Files\Java\jdk-21\bin\nio.dll
Event: 0.182 Loaded shared library C:\Program Files\Java\jdk-21\bin\zip.dll
Event: 0.373 Loaded shared library C:\Program Files\Java\jdk-21\bin\verify.dll
Event: 0.383 Loaded shared library C:\Program Files\Java\jdk-21\bin\jimage.dll
Event: 1.070 Loaded shared library C:\Program Files\Java\jdk-21\bin\management.dll
Event: 1.078 Loaded shared library C:\Program Files\Java\jdk-21\bin\management_ext.dll
Event: 7.101 Loaded shared library C:\Program Files\Java\jdk-21\bin\extnet.dll
Event: 7.222 Loaded shared library C:\Program Files\Java\jdk-21\bin\sunmscapi.dll

Deoptimization events (20 events):
Event: 10.004 Thread 0x000001d61db47550 Uncommon trap: trap_request=0xffffffd6 fr.pc=0x000001d610a18a18 relative=0x0000000000000878
Event: 10.004 Thread 0x000001d61db47550 Uncommon trap: reason=array_check action=maybe_recompile pc=0x000001d610a18a18 method=java.util.AbstractCollection.toArray([Ljava/lang/Object;)[Ljava/lang/Object; @ 116 c2
Event: 10.004 Thread 0x000001d61db47550 DEOPT PACKING pc=0x000001d610a18a18 sp=0x000000c4397fdaf0
Event: 10.004 Thread 0x000001d61db47550 DEOPT UNPACKING pc=0x000001d6102246a2 sp=0x000000c4397fdac0 mode 2
Event: 10.006 Thread 0x000001d61db47550 Uncommon trap: trap_request=0xffffffd6 fr.pc=0x000001d610a18a18 relative=0x0000000000000878
Event: 10.006 Thread 0x000001d61db47550 Uncommon trap: reason=array_check action=maybe_recompile pc=0x000001d610a18a18 method=java.util.AbstractCollection.toArray([Ljava/lang/Object;)[Ljava/lang/Object; @ 116 c2
Event: 10.006 Thread 0x000001d61db47550 DEOPT PACKING pc=0x000001d610a18a18 sp=0x000000c4397fdc00
Event: 10.006 Thread 0x000001d61db47550 DEOPT UNPACKING pc=0x000001d6102246a2 sp=0x000000c4397fdbd0 mode 2
Event: 10.136 Thread 0x000001d61db47550 Uncommon trap: trap_request=0xffffff6e fr.pc=0x000001d610852c48 relative=0x0000000000000308
Event: 10.136 Thread 0x000001d61db47550 Uncommon trap: reason=loop_limit_check action=maybe_recompile pc=0x000001d610852c48 method=java.util.regex.Pattern$Start.match(Ljava/util/regex/Matcher;ILjava/lang/CharSequence;)Z @ 34 c2
Event: 10.136 Thread 0x000001d61db47550 DEOPT PACKING pc=0x000001d610852c48 sp=0x000000c4397f8800
Event: 10.136 Thread 0x000001d61db47550 DEOPT UNPACKING pc=0x000001d6102246a2 sp=0x000000c4397f8720 mode 2
Event: 10.168 Thread 0x000001d61db47550 Uncommon trap: trap_request=0xffffff45 fr.pc=0x000001d610915aa0 relative=0x0000000000000f20
Event: 10.168 Thread 0x000001d61db47550 Uncommon trap: reason=unstable_if action=reinterpret pc=0x000001d610915aa0 method=java.util.concurrent.ConcurrentHashMap.putVal(Ljava/lang/Object;Ljava/lang/Object;Z)Ljava/lang/Object; @ 401 c2
Event: 10.168 Thread 0x000001d61db47550 DEOPT PACKING pc=0x000001d610915aa0 sp=0x000000c4397fb070
Event: 10.168 Thread 0x000001d61db47550 DEOPT UNPACKING pc=0x000001d6102246a2 sp=0x000000c4397faff0 mode 2
Event: 10.169 Thread 0x000001d61db47550 Uncommon trap: trap_request=0xffffff45 fr.pc=0x000001d6109685a8 relative=0x0000000000000268
Event: 10.169 Thread 0x000001d61db47550 Uncommon trap: reason=unstable_if action=reinterpret pc=0x000001d6109685a8 method=java.util.concurrent.ConcurrentHashMap.get(Ljava/lang/Object;)Ljava/lang/Object; @ 86 c2
Event: 10.170 Thread 0x000001d61db47550 DEOPT PACKING pc=0x000001d6109685a8 sp=0x000000c4397fb100
Event: 10.170 Thread 0x000001d61db47550 DEOPT UNPACKING pc=0x000001d6102246a2 sp=0x000000c4397fb068 mode 2

Classes loaded (20 events):
Event: 10.132 Loading class java/util/EnumMap$EntryIterator
Event: 10.132 Loading class java/util/EnumMap$EnumMapIterator
Event: 10.132 Loading class java/util/EnumMap$EnumMapIterator done
Event: 10.132 Loading class java/util/EnumMap$EntryIterator done
Event: 10.152 Loading class java/lang/reflect/MalformedParametersException
Event: 10.152 Loading class java/lang/reflect/MalformedParametersException done
Event: 10.168 Loading class java/util/concurrent/ConcurrentHashMap$TreeNode
Event: 10.168 Loading class java/util/concurrent/ConcurrentHashMap$TreeNode done
Event: 10.168 Loading class java/util/concurrent/ConcurrentHashMap$TreeBin
Event: 10.168 Loading class java/util/concurrent/ConcurrentHashMap$TreeBin done
Event: 10.306 Loading class java/util/stream/ReduceOps$5
Event: 10.306 Loading class java/util/stream/ReduceOps$5 done
Event: 10.306 Loading class java/util/stream/ReduceOps$CountingSink$OfRef
Event: 10.306 Loading class java/util/stream/ReduceOps$CountingSink
Event: 10.306 Loading class java/util/stream/ReduceOps$CountingSink done
Event: 10.306 Loading class java/util/stream/ReduceOps$CountingSink$OfRef done
Event: 10.344 Loading class java/util/regex/PatternSyntaxException
Event: 10.344 Loading class java/util/regex/PatternSyntaxException done
Event: 10.351 Loading class java/util/Comparators$NullComparator
Event: 10.351 Loading class java/util/Comparators$NullComparator done

Classes unloaded (0 events):
No events

Classes redefined (0 events):
No events

Internal exceptions (20 events):
Event: 8.194 Thread 0x000001d61db47550 Exception <a 'java/lang/NoSuchMethodError'{0x0000000084d3f6a0}: 'java.lang.Object java.lang.invoke.DirectMethodHandle$Holder.invokeStaticInit(java.lang.Object, java.lang.Object, java.lang.Object, java.lang.Object)'> (0x0000000084d3f6a0) 
thrown [s\open\src\hotspot\share\interpreter\linkResolver.cpp, line 773]
Event: 8.611 Thread 0x000001d61db47550 Exception <a 'java/lang/NoSuchMethodError'{0x00000000841dd588}: 'java.lang.Object java.lang.invoke.DirectMethodHandle$Holder.newInvokeSpecial(java.lang.Object, java.lang.Object, int, java.lang.Object, java.lang.Object)'> (0x00000000841dd588) 
thrown [s\open\src\hotspot\share\interpreter\linkResolver.cpp, line 773]
Event: 9.351 Thread 0x000001d61db47550 Exception <a 'java/lang/NoSuchMethodError'{0x0000000084a7cc80}: 'void java.lang.invoke.DirectMethodHandle$Holder.invokeInterface(java.lang.Object, java.lang.Object)'> (0x0000000084a7cc80) 
thrown [s\open\src\hotspot\share\interpreter\linkResolver.cpp, line 773]
Event: 9.369 Thread 0x000001d61db47550 Exception <a 'java/lang/NoSuchMethodError'{0x0000000084afd228}: 'java.lang.Object java.lang.invoke.DirectMethodHandle$Holder.invokeStaticInit(java.lang.Object, java.lang.Object, java.lang.Object, java.lang.Object, int, int)'> (0x0000000084afd228) 
thrown [s\open\src\hotspot\share\interpreter\linkResolver.cpp, line 773]
Event: 9.387 Thread 0x000001d61db47550 Exception <a 'java/lang/NoSuchMethodError'{0x000000008498ca68}: 'void java.lang.invoke.DirectMethodHandle$Holder.invokeStaticInit(java.lang.Object, java.lang.Object, java.lang.Object, java.lang.Object)'> (0x000000008498ca68) 
thrown [s\open\src\hotspot\share\interpreter\linkResolver.cpp, line 773]
Event: 9.756 Thread 0x000001d61db47550 Exception <a 'java/lang/IncompatibleClassChangeError'{0x0000000084478260}: Found class java.lang.Object, but interface was expected> (0x0000000084478260) 
thrown [s\open\src\hotspot\share\interpreter\linkResolver.cpp, line 840]
Event: 9.769 Thread 0x000001d61db47550 Exception <a 'java/lang/NoSuchMethodError'{0x00000000844f2bb8}: 'void java.lang.invoke.Invokers$Holder.invokeExact_MT(java.lang.Object, java.lang.Object, java.lang.Object, java.lang.Object)'> (0x00000000844f2bb8) 
thrown [s\open\src\hotspot\share\interpreter\linkResolver.cpp, line 773]
Event: 9.996 Thread 0x000001d61db47550 Exception <a 'java/lang/NoSuchMethodError'{0x000000008724fd70}: 'java.lang.Object java.lang.invoke.DirectMethodHandle$Holder.newInvokeSpecial(java.lang.Object, java.lang.Object, java.lang.Object, java.lang.Object, java.lang.Object, java.lang.Object, java.lang.Object)'> (0x000000008724fd70) 
thrown [s\open\src\hotspot\share\interpreter\linkResolver.cpp, line 773]
Event: 10.001 Thread 0x000001d61db47550 Exception <a 'java/lang/ClassNotFoundException'{0x0000000087284458}: java/lang/ObjectCustomizer> (0x0000000087284458) 
thrown [s\open\src\hotspot\share\classfile\systemDictionary.cpp, line 312]
Event: 10.002 Thread 0x000001d61db47550 Exception <a 'java/lang/ClassNotFoundException'{0x000000008728af38}: org/springframework/web/servlet/config/annotation/WebMvcConfigurationSupportCustomizer> (0x000000008728af38) 
thrown [s\open\src\hotspot\share\classfile\systemDictionary.cpp, line 312]
Event: 10.004 Thread 0x000001d61db47550 Exception <a 'java/lang/ClassNotFoundException'{0x000000008729dcf8}: org/springframework/web/servlet/config/annotation/DelegatingWebMvcConfigurationCustomizer> (0x000000008729dcf8) 
thrown [s\open\src\hotspot\share\classfile\systemDictionary.cpp, line 312]
Event: 10.005 Thread 0x000001d61db47550 Exception <a 'java/lang/ClassNotFoundException'{0x00000000872a5d10}: org/springframework/boot/autoconfigure/web/servlet/WebMvcAutoConfiguration$EnableWebMvcConfigurationCustomizer> (0x00000000872a5d10) 
thrown [s\open\src\hotspot\share\classfile\systemDictionary.cpp, line 312]
Event: 10.008 Thread 0x000001d61db47550 Exception <a 'java/lang/ClassNotFoundException'{0x00000000872b8320}: org/springframework/context/ResourceLoaderAwareCustomizer> (0x00000000872b8320) 
thrown [s\open\src\hotspot\share\classfile\systemDictionary.cpp, line 312]
Event: 10.009 Thread 0x000001d61db47550 Exception <a 'java/lang/ClassNotFoundException'{0x00000000872bc510}: org/springframework/beans/factory/AwareCustomizer> (0x00000000872bc510) 
thrown [s\open\src\hotspot\share\classfile\systemDictionary.cpp, line 312]
Event: 10.009 Thread 0x000001d61db47550 Exception <a 'java/lang/ClassNotFoundException'{0x00000000872bf808}: org/springframework/context/ApplicationContextAwareCustomizer> (0x00000000872bf808) 
thrown [s\open\src\hotspot\share\classfile\systemDictionary.cpp, line 312]
Event: 10.010 Thread 0x000001d61db47550 Exception <a 'java/lang/ClassNotFoundException'{0x00000000872c4258}: org/springframework/beans/factory/AwareCustomizer> (0x00000000872c4258) 
thrown [s\open\src\hotspot\share\classfile\systemDictionary.cpp, line 312]
Event: 10.011 Thread 0x000001d61db47550 Exception <a 'java/lang/ClassNotFoundException'{0x00000000872c7528}: org/springframework/web/context/ServletContextAwareCustomizer> (0x00000000872c7528) 
thrown [s\open\src\hotspot\share\classfile\systemDictionary.cpp, line 312]
Event: 10.012 Thread 0x000001d61db47550 Exception <a 'java/lang/ClassNotFoundException'{0x00000000872cb8c0}: org/springframework/beans/factory/AwareCustomizer> (0x00000000872cb8c0) 
thrown [s\open\src\hotspot\share\classfile\systemDictionary.cpp, line 312]
Event: 10.015 Thread 0x000001d61db47550 Exception <a 'java/lang/NoSuchMethodError'{0x00000000872ddd08}: 'java.lang.Object java.lang.invoke.DirectMethodHandle$Holder.newInvokeSpecial(java.lang.Object, java.lang.Object, java.lang.Object, java.lang.Object, java.lang.Object, java.lang.Object, java.lang.Object, java.lang.Object, java.lang.Object)'> (0x00000000872ddd08) 
thrown [s\open\src\hotspot\share\interpreter\linkResolver.cpp, line 773]
Event: 10.225 Thread 0x000001d61db47550 Exception <a 'java/lang/NoSuchMethodError'{0x0000000084b09d88}: 'void java.lang.invoke.DirectMethodHandle$Holder.invokeVirtual(java.lang.Object, java.lang.Object, long)'> (0x0000000084b09d88) 
thrown [s\open\src\hotspot\share\interpreter\linkResolver.cpp, line 773]

ZGC Phase Switch (0 events):
No events

VM Operations (20 events):
Event: 7.732 Executing VM operation: HandshakeAllThreads (Deoptimize)
Event: 7.732 Executing VM operation: HandshakeAllThreads (Deoptimize) done
Event: 8.531 Executing VM operation: ICBufferFull
Event: 8.531 Executing VM operation: ICBufferFull done
Event: 8.797 Executing VM operation: G1CollectForAllocation (G1 Evacuation Pause)
Event: 8.804 Executing VM operation: G1CollectForAllocation (G1 Evacuation Pause) done
Event: 9.626 Executing VM operation: HandshakeAllThreads (Deoptimize)
Event: 9.626 Executing VM operation: HandshakeAllThreads (Deoptimize) done
Event: 9.728 Executing VM operation: ICBufferFull
Event: 9.728 Executing VM operation: ICBufferFull done
Event: 9.762 Executing VM operation: HandshakeAllThreads (Deoptimize)
Event: 9.762 Executing VM operation: HandshakeAllThreads (Deoptimize) done
Event: 9.866 Executing VM operation: G1CollectForAllocation (G1 Evacuation Pause)
Event: 9.872 Executing VM operation: G1CollectForAllocation (G1 Evacuation Pause) done
Event: 10.115 Executing VM operation: HandshakeAllThreads (Deoptimize)
Event: 10.115 Executing VM operation: HandshakeAllThreads (Deoptimize) done
Event: 10.224 Executing VM operation: ICBufferFull
Event: 10.225 Executing VM operation: ICBufferFull done
Event: 10.257 Executing VM operation: HandshakeAllThreads (Deoptimize)
Event: 10.257 Executing VM operation: HandshakeAllThreads (Deoptimize) done

Events (20 events):
Event: 7.327 Thread 0x000001d61d131d40 flushing nmethod 0x000001d61078be10
Event: 7.327 Thread 0x000001d61d131d40 flushing nmethod 0x000001d61078ba90
Event: 7.327 Thread 0x000001d61d131d40 flushing nmethod 0x000001d61078b790
Event: 7.327 Thread 0x000001d61d131d40 flushing nmethod 0x000001d61077cd10
Event: 7.327 Thread 0x000001d61d131d40 flushing nmethod 0x000001d61077c210
Event: 7.327 Thread 0x000001d61d131d40 flushing nmethod 0x000001d610787c10
Event: 7.327 Thread 0x000001d61d131d40 flushing nmethod 0x000001d610787710
Event: 7.327 Thread 0x000001d61d131d40 flushing nmethod 0x000001d61077db10
Event: 7.327 Thread 0x000001d61d131d40 flushing nmethod 0x000001d610771490
Event: 7.327 Thread 0x000001d61d131d40 flushing nmethod 0x000001d610777d90
Event: 7.545 Thread 0x000001d665aa45c0 Thread added: 0x000001d665aa45c0
Event: 7.552 Thread 0x000001d61d7fd350 Thread added: 0x000001d61d7fd350
Event: 7.870 Thread 0x000001d61d7fd350 Thread exited: 0x000001d61d7fd350
Event: 7.934 Thread 0x000001d663991bc0 Thread added: 0x000001d663991bc0
Event: 8.037 Thread 0x000001d663990810 Thread added: 0x000001d663990810
Event: 8.155 Thread 0x000001d61d86c8f0 Thread added: 0x000001d61d86c8f0
Event: 9.627 Thread 0x000001d61d86c8f0 Thread exited: 0x000001d61d86c8f0
Event: 9.627 Thread 0x000001d665aa45c0 Thread exited: 0x000001d665aa45c0
Event: 9.693 Thread 0x000001d6657c9840 Thread added: 0x000001d6657c9840
Event: 9.789 Thread 0x000001d665800350 Thread added: 0x000001d665800350


Dynamic libraries:
0x00007ff741940000 - 0x00007ff741950000 	C:\Program Files\Java\jdk-21\bin\javaw.exe
0x00007ffc57db0000 - 0x00007ffc57fc7000 	C:\WINDOWS\SYSTEM32\ntdll.dll
0x00007ffc57770000 - 0x00007ffc57834000 	C:\WINDOWS\System32\KERNEL32.DLL
0x00007ffc55360000 - 0x00007ffc55719000 	C:\WINDOWS\System32\KERNELBASE.dll
0x00007ffc550b0000 - 0x00007ffc551c1000 	C:\WINDOWS\System32\ucrtbase.dll
0x00007ffc1f830000 - 0x00007ffc1f84b000 	C:\Program Files\Java\jdk-21\bin\VCRUNTIME140.dll
0x00007ffc1fa40000 - 0x00007ffc1fa59000 	C:\Program Files\Java\jdk-21\bin\jli.dll
0x00007ffc57840000 - 0x00007ffc578f2000 	C:\WINDOWS\System32\ADVAPI32.dll
0x00007ffc570b0000 - 0x00007ffc57157000 	C:\WINDOWS\System32\msvcrt.dll
0x00007ffc57900000 - 0x00007ffc579a7000 	C:\WINDOWS\System32\sechost.dll
0x00007ffc55880000 - 0x00007ffc558a8000 	C:\WINDOWS\System32\bcrypt.dll
0x00007ffc56a70000 - 0x00007ffc56b84000 	C:\WINDOWS\System32\RPCRT4.dll
0x00007ffc56d20000 - 0x00007ffc56ece000 	C:\WINDOWS\System32\USER32.dll
0x00007ffc558b0000 - 0x00007ffc558d6000 	C:\WINDOWS\System32\win32u.dll
0x00007ffc36520000 - 0x00007ffc367b2000 	C:\WINDOWS\WinSxS\amd64_microsoft.windows.common-controls_6595b64144ccf1df_6.0.22621.4391_none_2715d37f73803e96\COMCTL32.dll
0x00007ffc56cf0000 - 0x00007ffc56d19000 	C:\WINDOWS\System32\GDI32.dll
0x00007ffc55240000 - 0x00007ffc5535b000 	C:\WINDOWS\System32\gdi32full.dll
0x00007ffc55720000 - 0x00007ffc557ba000 	C:\WINDOWS\System32\msvcp_win.dll
0x00007ffc49df0000 - 0x00007ffc49dfa000 	C:\WINDOWS\SYSTEM32\VERSION.dll
0x00007ffc579d0000 - 0x00007ffc57a01000 	C:\WINDOWS\System32\IMM32.DLL
0x00007ffc389f0000 - 0x00007ffc389fc000 	C:\Program Files\Java\jdk-21\bin\vcruntime140_1.dll
0x00007ffbad080000 - 0x00007ffbad10e000 	C:\Program Files\Java\jdk-21\bin\msvcp140.dll
0x00007ffba84f0000 - 0x00007ffba9207000 	C:\Program Files\Java\jdk-21\bin\server\jvm.dll
0x00007ffc55b40000 - 0x00007ffc55bb1000 	C:\WINDOWS\System32\WS2_32.dll
0x00007ffc53f40000 - 0x00007ffc53f8d000 	C:\WINDOWS\SYSTEM32\POWRPROF.dll
0x00007ffc4cff0000 - 0x00007ffc4d024000 	C:\WINDOWS\SYSTEM32\WINMM.dll
0x00007ffc53f20000 - 0x00007ffc53f33000 	C:\WINDOWS\SYSTEM32\UMPDC.dll
0x00007ffc541e0000 - 0x00007ffc541f8000 	C:\WINDOWS\SYSTEM32\kernel.appcore.dll
0x00007ffc367c0000 - 0x00007ffc367ca000 	C:\Program Files\Java\jdk-21\bin\jimage.dll
0x00007ffc52a30000 - 0x00007ffc52c62000 	C:\WINDOWS\SYSTEM32\DBGHELP.DLL
0x00007ffc573e0000 - 0x00007ffc5776f000 	C:\WINDOWS\System32\combase.dll
0x00007ffc56100000 - 0x00007ffc561d7000 	C:\WINDOWS\System32\OLEAUT32.dll
0x00007ffc3bfe0000 - 0x00007ffc3c012000 	C:\WINDOWS\SYSTEM32\dbgcore.DLL
0x00007ffc55a50000 - 0x00007ffc55acb000 	C:\WINDOWS\System32\bcryptPrimitives.dll
0x00007ffc1da40000 - 0x00007ffc1da5f000 	C:\Program Files\Java\jdk-21\bin\java.dll
0x00007ffc561e0000 - 0x00007ffc56a56000 	C:\WINDOWS\System32\SHELL32.dll
0x00007ffc53000000 - 0x00007ffc53903000 	C:\WINDOWS\SYSTEM32\windows.storage.dll
0x00007ffc52ec0000 - 0x00007ffc52fff000 	C:\WINDOWS\SYSTEM32\wintypes.dll
0x00007ffc57c70000 - 0x00007ffc57d69000 	C:\WINDOWS\System32\SHCORE.dll
0x00007ffc55bc0000 - 0x00007ffc55c1e000 	C:\WINDOWS\System32\shlwapi.dll
0x00007ffc54fe0000 - 0x00007ffc5500b000 	C:\WINDOWS\SYSTEM32\profapi.dll
0x00007ffbac360000 - 0x00007ffbac437000 	C:\Program Files\Java\jdk-21\bin\jsvml.dll
0x00007ffc2da90000 - 0x00007ffc2daa0000 	C:\Program Files\Java\jdk-21\bin\net.dll
0x00007ffc4ceb0000 - 0x00007ffc4cfe6000 	C:\WINDOWS\SYSTEM32\WINHTTP.dll
0x00007ffc54660000 - 0x00007ffc546c9000 	C:\WINDOWS\system32\mswsock.dll
0x00007ffc17120000 - 0x00007ffc17136000 	C:\Program Files\Java\jdk-21\bin\nio.dll
0x00007ffc04780000 - 0x00007ffc04798000 	C:\Program Files\Java\jdk-21\bin\zip.dll
0x00007ffc24d40000 - 0x00007ffc24d50000 	C:\Program Files\Java\jdk-21\bin\verify.dll
0x00007ffc228d0000 - 0x00007ffc228da000 	C:\Program Files\Java\jdk-21\bin\management.dll
0x00007ffc211f0000 - 0x00007ffc211fb000 	C:\Program Files\Java\jdk-21\bin\management_ext.dll
0x00007ffc55b30000 - 0x00007ffc55b38000 	C:\WINDOWS\System32\PSAPI.DLL
0x00007ffc36bf0000 - 0x00007ffc36c07000 	C:\WINDOWS\system32\napinsp.dll
0x00007ffc36810000 - 0x00007ffc3682b000 	C:\WINDOWS\system32\pnrpnsp.dll
0x00007ffc53c50000 - 0x00007ffc53d52000 	C:\WINDOWS\SYSTEM32\DNSAPI.dll
0x00007ffc53be0000 - 0x00007ffc53c0d000 	C:\WINDOWS\SYSTEM32\IPHLPAPI.DLL
0x00007ffc56a60000 - 0x00007ffc56a69000 	C:\WINDOWS\System32\NSI.dll
0x00007ffc361e0000 - 0x00007ffc361f1000 	C:\WINDOWS\System32\winrnr.dll
0x00007ffc33090000 - 0x00007ffc330a5000 	C:\WINDOWS\system32\wshbth.dll
0x00007ffc32270000 - 0x00007ffc32297000 	C:\WINDOWS\system32\nlansp_c.dll
0x00007ffc42ab0000 - 0x00007ffc42aba000 	C:\Windows\System32\rasadhlp.dll
0x00007ffc4c6e0000 - 0x00007ffc4c763000 	C:\WINDOWS\System32\fwpuclnt.dll
0x00007ffc548b0000 - 0x00007ffc548cb000 	C:\WINDOWS\SYSTEM32\CRYPTSP.dll
0x00007ffc54140000 - 0x00007ffc54175000 	C:\WINDOWS\system32\rsaenh.dll
0x00007ffc54750000 - 0x00007ffc54778000 	C:\WINDOWS\SYSTEM32\USERENV.dll
0x00007ffc548d0000 - 0x00007ffc548dc000 	C:\WINDOWS\SYSTEM32\CRYPTBASE.dll
0x00007ffc24170000 - 0x00007ffc24179000 	C:\Program Files\Java\jdk-21\bin\extnet.dll
0x00007ffc241a0000 - 0x00007ffc241ae000 	C:\Program Files\Java\jdk-21\bin\sunmscapi.dll
0x00007ffc558e0000 - 0x00007ffc55a46000 	C:\WINDOWS\System32\CRYPT32.dll
0x00007ffc54a70000 - 0x00007ffc54a9d000 	C:\WINDOWS\SYSTEM32\ncrypt.dll
0x00007ffc54a30000 - 0x00007ffc54a67000 	C:\WINDOWS\SYSTEM32\NTASN1.dll

dbghelp: loaded successfully - version: 4.0.5 - missing functions: none
symbol engine: initialized successfully - sym options: 0x614 - pdb path: .;C:\Program Files\Java\jdk-21\bin;C:\WINDOWS\SYSTEM32;C:\WINDOWS\WinSxS\amd64_microsoft.windows.common-controls_6595b64144ccf1df_6.0.22621.4391_none_2715d37f73803e96;C:\Program Files\Java\jdk-21\bin\server

VM Arguments:
jvm_args: -Dfile.encoding=UTF-8 -Dstdout.encoding=UTF-8 -Dstderr.encoding=UTF-8 -XX:+ShowCodeDetailsInExceptionMessages 
java_command: com.tka.sams.api.SamsTrackApplication
java_class_path (initial): C:\Users\admin\OneDrive\Desktop\SAMSTRACK_API-main\SAMSTRACK_API-main\target\classes;C:\Users\admin\.m2\repository\org\springframework\boot\spring-boot-starter-data-jpa\2.5.6\spring-boot-starter-data-jpa-2.5.6.jar;C:\Users\admin\.m2\repository\org\springframework\boot\spring-boot-starter-aop\2.5.6\spring-boot-starter-aop-2.5.6.jar;C:\Users\admin\.m2\repository\org\springframework\spring-aop\5.3.12\spring-aop-5.3.12.jar;C:\Users\admin\.m2\repository\org\aspectj\aspectjweaver\1.9.7\aspectjweaver-1.9.7.jar;C:\Users\admin\.m2\repository\org\springframework\boot\spring-boot-starter-jdbc\2.5.6\spring-boot-starter-jdbc-2.5.6.jar;C:\Users\admin\.m2\repository\com\zaxxer\HikariCP\4.0.3\HikariCP-4.0.3.jar;C:\Users\admin\.m2\repository\org\springframework\spring-jdbc\5.3.12\spring-jdbc-5.3.12.jar;C:\Users\admin\.m2\repository\jakarta\transaction\jakarta.transaction-api\1.3.3\jakarta.transaction-api-1.3.3.jar;C:\Users\admin\.m2\repository\jakarta\persistence\jakarta.persistence-api\2.2.3\jakarta.persistence-api-2.2.3.jar;C:\Users\admin\.m2\repository\org\hibernate\hibernate-core\5.4.32.Final\hibernate-core-5.4.32.Final.jar;C:\Users\admin\.m2\repository\org\jboss\logging\jboss-logging\3.4.2.Final\jboss-logging-3.4.2.Final.jar;C:\Users\admin\.m2\repository\org\javassist\javassist\3.27.0-GA\javassist-3.27.0-GA.jar;C:\Users\admin\.m2\repository\net\bytebuddy\byte-buddy\1.10.22\byte-buddy-1.10.22.jar;C:\Users\admin\.m2\repository\antlr\antlr\2.7.7\antlr-2.7.7.jar;C:\Users\admin\.m2\repository\org\jboss\jandex\2.2.3.Final\jandex-2.2.3.Final.jar;C:\Users\admin\.m2\repository\com\fasterxml\classmate\1.5.1\classmate-1.5.1.jar;C:\Users\admin\.m2\repository\org\dom4j\dom4j\2.1.3\dom4j-2.1.3.jar;C:\Users\admin\.m2\repository\org\hibernate\common\hibernate-commons-annotations\5.1.2.Final\hibernate-commons-annotations-5.1.2.Final.jar;C:\Users\admin\.m2\repository\org\glassfish\jaxb\jaxb-runtime\2.3.5\jaxb-runtime-2.3.5.jar;C:\Users\admin\.m2\repository\org\glassfish\jaxb\txw2\2.3.5\txw2-2.3.5.jar;C:\Users\admin\.m2\repository\com\sun\istack\istack-commons-runtime\3.0.12\istack-commons-runtime-3.0.12.jar;C:\Users\admin\.m2\repository\com\sun\activation\jakarta.activation\1.2.2\jakarta.activation-1.2.2.jar;C:\Users\admin\.m2\repository\org\springframework\data\spring-data-jpa\2.5.6\spring-data-jpa-2.5.6.jar;C:\Users\admin\.m2\repository\org\springframework\data\spring-data-commons\2.5.6\spring-data-commons-2.5.6.jar;C:\Users\admin\.m2\repository\org\springframework\spring-orm\5.3.12\spring-orm-5.3.12.jar;C:\Users\admin\.m2\repository\org\springframework\spring-context\5.3.12\spring-context-5.3.12.jar;C:\Users\admin\.m2\repository\org\springframework\spring-tx\5.3.12\spring-tx-5.3.12.jar;C:\Users\admin\.m2\repository\org\springframework\spring-beans\5.3.12\spring-beans-5.3.12.jar;C:\Users\admin\.m2\repository\org\slf4j\slf4j-api\1.7.32\slf4j-api-1.7.32.jar;C:\Users\admin\.m2\repository\org\springframework\spring-aspects\5.3.12\spring-aspects-5.3.12.jar;C:\Users\admin\.m2\repository\mysql\mysql-connector-java\8.0.27\mysql-connector-java-8.0.27.jar;C:\Users\admin\.m2\repository\org\springframework\boot\spring-boot-starter-web\2.5.6\spring-boot-starter-web-2.5.6.jar;C:\Users\admin\.m2\repository\org\springframework\boot\spring-boot-starter\2.5.6\spring-boot-starter-2.5.6.jar;C:\Users\admin\.m2\repository\org\springframework\boot\spring-boot-starter-logging\2.5.6\spring-boot-starter-logging-2.5.6.jar;C:\Users\admin\.m2\repository\ch\qos\logback\logback-classic\1.2.6\logback-classic-1.2.6.jar;C:\Users\admin\.m2\repository\ch\qos\logback\logback-core\1.2.6\logback-core-1.2.6.jar;C:\Users\admin\.m2\repository\org\apache\logging\log4j\log4j-to-slf4j\2.14.1\log4j-to-slf4j-2.14.1.jar;C:\Users\admin\.m2\repository\org\apache\logging\log4j\log4j-api\2.14.1\log4j-api-2.14.1.jar;C:\Users\admin\.m2\repository\org\slf4j\jul-to-slf4j\1.7.32\jul-to-slf4j-1.7.32.jar;C:\Users\admin\.m2\repository\jakarta\annotation\jakarta.annotation-api\1.3.5\jakarta.annotation-api-1.3.5.jar;C:\Users\admin\.m2\repository\org\yaml\snakeyaml\1.28\snakeyaml-1.28.jar;C:\Users\admin\.m2\repository\org\springframework\boot\spring-boot-starter-json\2.5.6\spring-boot-starter-json-2.5.6.jar;C:\Users\admin\.m2\repository\com\fasterxml\jackson\core\jackson-databind\2.12.5\jackson-databind-2.12.5.jar;C:\Users\admin\.m2\repository\com\fasterxml\jackson\core\jackson-annotations\2.12.5\jackson-annotations-2.12.5.jar;C:\Users\admin\.m2\repository\com\fasterxml\jackson\core\jackson-core\2.12.5\jackson-core-2.12.5.jar;C:\Users\admin\.m2\repository\com\fasterxml\jackson\datatype\jackson-datatype-jdk8\2.12.5\jackson-datatype-jdk8-2.12.5.jar;C:\Users\admin\.m2\repository\com\fasterxml\jackson\datatype\jackson-datatype-jsr310\2.12.5\jackson-datatype-jsr310-2.12.5.jar;C:\Users\admin\.m2\repository\com\fasterxml\jackson\module\jackson-module-parameter-names\2.12.5\jackson-module-parameter-names-2.12.5.jar;C:\Users\admin\.m2\repository\org\springframework\boot\spring-boot-starter-tomcat\2.5.6\spring-boot-starter-tomcat-2.5.6.jar;C:\Users\admin\.m2\repository\org\apache\tomcat\embed\tomcat-embed-core\9.0.54\tomcat-embed-core-9.0.54.jar;C:\Users\admin\.m2\repository\org\apache\tomcat\embed\tomcat-embed-el\9.0.54\tomcat-embed-el-9.0.54.jar;C:\Users\admin\.m2\repository\org\apache\tomcat\embed\tomcat-embed-websocket\9.0.54\tomcat-embed-websocket-9.0.54.jar;C:\Users\admin\.m2\repository\org\springframework\spring-web\5.3.12\spring-web-5.3.12.jar;C:\Users\admin\.m2\repository\org\springframework\spring-webmvc\5.3.12\spring-webmvc-5.3.12.jar;C:\Users\admin\.m2\repository\org\springframework\spring-expression\5.3.12\spring-expression-5.3.12.jar;C:\Users\admin\.m2\repository\org\springframework\boot\spring-boot-devtools\2.5.6\spring-boot-devtools-2.5.6.jar;C:\Users\admin\.m2\repository\org\springframework\boot\spring-boot\2.5.6\spring-boot-2.5.6.jar;C:\Users\admin\.m2\repository\org\springframework\boot\spring-boot-autoconfigure\2.5.6\spring-boot-autoconfigure-2.5.6.jar;C:\Users\admin\.m2\repository\jakarta\xml\bind\jakarta.xml.bind-api\2.3.3\jakarta.xml.bind-api-2.3.3.jar;C:\Users\admin\.m2\repository\jakarta\activation\jakarta.activation-api\1.2.2\jakarta.activation-api-1.2.2.jar;C:\Users\admin\.m2\repository\org\springframework\spring-core\5.3.12\spring-core-5.3.12.jar;C:\Users\admin\.m2\repository\org\springframework\spring-jcl\5.3.12\spring-jcl-5.3.12.jar
Launcher Type: SUN_STANDARD

[Global flags]
     intx CICompilerCount                          = 4                                         {product} {ergonomic}
     uint ConcGCThreads                            = 2                                         {product} {ergonomic}
     uint G1ConcRefinementThreads                  = 8                                         {product} {ergonomic}
   size_t G1HeapRegionSize                         = 1048576                                   {product} {ergonomic}
    uintx GCDrainStackTargetSize                   = 64                                        {product} {ergonomic}
   size_t InitialHeapSize                          = 132120576                                 {product} {ergonomic}
   size_t MarkStackSize                            = 4194304                                   {product} {ergonomic}
   size_t MaxHeapSize                              = 2107637760                                {product} {ergonomic}
   size_t MaxNewSize                               = 1264582656                                {product} {ergonomic}
   size_t MinHeapDeltaBytes                        = 1048576                                   {product} {ergonomic}
   size_t MinHeapSize                              = 8388608                                   {product} {ergonomic}
    uintx NonNMethodCodeHeapSize                   = 5839372                                {pd product} {ergonomic}
    uintx NonProfiledCodeHeapSize                  = 122909434                              {pd product} {ergonomic}
    uintx ProfiledCodeHeapSize                     = 122909434                              {pd product} {ergonomic}
    uintx ReservedCodeCacheSize                    = 251658240                              {pd product} {ergonomic}
     bool SegmentedCodeCache                       = true                                      {product} {ergonomic}
     bool ShowCodeDetailsInExceptionMessages       = true                                   {manageable} {command line}
   size_t SoftMaxHeapSize                          = 2107637760                             {manageable} {ergonomic}
     bool UseCompressedOops                        = true                           {product lp64_product} {ergonomic}
     bool UseG1GC                                  = true                                      {product} {ergonomic}
     bool UseLargePagesIndividualAllocation        = false                                  {pd product} {ergonomic}

Logging:
Log output configuration:
 #0: stdout all=warning uptime,level,tags foldmultilines=false
 #1: stderr all=off uptime,level,tags foldmultilines=false

Environment Variables:
PATH=C:\Program Files\Common Files\Oracle\Java\javapath;C:\WINDOWS\system32;C:\WINDOWS;C:\WINDOWS\System32\Wbem;C:\WINDOWS\System32\WindowsPowerShell\v1.0\;C:\WINDOWS\System32\OpenSSH\;C:\Program Files\Git\cmd;C:\Program Files\nodejs\;C:\Users\admin\AppData\Local\Microsoft\WindowsApps;C:\ProgramData\admin\GitHubDesktop\bin;C:\Users\admin\AppData\Local\GitHubDesktop\bin;C:\Users\admin\AppData\Local\Programs\Microsoft VS Code\bin;C:\Users\admin\AppData\Roaming\npm
USERNAME=admin
OS=Windows_NT
PROCESSOR_IDENTIFIER=Intel64 Family 6 Model 142 Stepping 10, GenuineIntel
TMP=C:\Users\admin\AppData\Local\Temp
TEMP=C:\Users\admin\AppData\Local\Temp




Periodic native trim disabled

---------------  S Y S T E M  ---------------

OS:
 Windows 11 , 64 bit Build 22621 (10.0.22621.4391)
OS uptime: 0 days 2:08 hours

CPU: total 8 (initial active 8) (4 cores per cpu, 2 threads per core) family 6 model 142 stepping 10 microcode 0xf6, cx8, cmov, fxsr, ht, mmx, 3dnowpref, sse, sse2, sse3, ssse3, sse4.1, sse4.2, popcnt, lzcnt, tsc, tscinvbit, avx, avx2, aes, erms, clmul, bmi1, bmi2, adx, fma, vzeroupper, clflush, clflushopt, rdtscp, f16c
Processor Information for processor 0
  Max Mhz: 1800, Current Mhz: 1500, Mhz Limit: 1584
Processor Information for processor 1
  Max Mhz: 1800, Current Mhz: 1500, Mhz Limit: 1584
Processor Information for processor 2
  Max Mhz: 1800, Current Mhz: 1600, Mhz Limit: 1584
Processor Information for processor 3
  Max Mhz: 1800, Current Mhz: 1500, Mhz Limit: 1584
Processor Information for processor 4
  Max Mhz: 1800, Current Mhz: 1600, Mhz Limit: 1584
Processor Information for processor 5
  Max Mhz: 1800, Current Mhz: 1500, Mhz Limit: 1584
Processor Information for processor 6
  Max Mhz: 1800, Current Mhz: 1600, Mhz Limit: 1584
Processor Information for processor 7
  Max Mhz: 1800, Current Mhz: 1500, Mhz Limit: 1584

Memory: 4k page, system-wide physical 8035M (2005M free)
TotalPageFile size 32438M (AvailPageFile size 4M)
current process WorkingSet (physical memory assigned to process): 231M, peak: 235M
current process commit charge ("private bytes"): 269M, peak: 275M

vm_info: Java HotSpot(TM) 64-Bit Server VM (21.0.2+13-LTS-58) for windows-amd64 JRE (21.0.2+13-LTS-58), built on 2024-01-05T18:32:24Z by "mach5one" with MS VC++ 17.1 (VS2022)

END.
